<?xml version="1.0" encoding="UTF-8"?>
<!-- Generated by org.testng.reporters.JUnitReportReporter -->
<testsuite skipped="0" hostname="Sarang-Notebook" name="com.qa.frisrcryae.tests.MegaMenuProductsPageTest" tests="10" failures="0" timestamp="16 May 2020 14:37:51 GMT" time="703.363" errors="2">
  <testcase name="verifyBoys_ClothesLink_test" time="45.503" classname="com.qa.frisrcryae.tests.MegaMenuProductsPageTest"/>
  <testcase name="verifyGirl_FashionFromMegaMenu_test" time="46.508" classname="com.qa.frisrcryae.tests.MegaMenuProductsPageTest"/>
  <testcase name="verifyFootwearFromMegaMenu_test" time="127.819" classname="com.qa.frisrcryae.tests.MegaMenuProductsPageTest"/>
  <testcase name="verifyToysFromMegaMenu_test" time="74.694" classname="com.qa.frisrcryae.tests.MegaMenuProductsPageTest">
    <error type="java.lang.NullPointerException">
      <![CDATA[java.lang.NullPointerException
at org.openqa.selenium.support.ui.ExpectedConditions.elementIfVisible(ExpectedConditions.java:314)
at org.openqa.selenium.support.ui.ExpectedConditions.access$000(ExpectedConditions.java:43)
at org.openqa.selenium.support.ui.ExpectedConditions$10.apply(ExpectedConditions.java:300)
at org.openqa.selenium.support.ui.ExpectedConditions$10.apply(ExpectedConditions.java:297)
at org.openqa.selenium.support.ui.FluentWait.until(FluentWait.java:249)
at com.qa.frisrcryae.utills.ElementActions.waitForElementVisible(ElementActions.java:96)
at com.qa.frisrcryae.pages.MegaMenuProductsPage.verifyToysFromMegaMenu(MegaMenuProductsPage.java:104)
at com.qa.frisrcryae.tests.MegaMenuProductsPageTest.verifyToysFromMegaMenu_test(MegaMenuProductsPageTest.java:56)
at sun.reflect.NativeMethodAccessorImpl.invoke0(Native Method)
at sun.reflect.NativeMethodAccessorImpl.invoke(NativeMethodAccessorImpl.java:62)
at sun.reflect.DelegatingMethodAccessorImpl.invoke(DelegatingMethodAccessorImpl.java:43)
at java.lang.reflect.Method.invoke(Method.java:498)
at org.testng.internal.MethodInvocationHelper.invokeMethod(MethodInvocationHelper.java:124)
at org.testng.internal.Invoker.invokeMethod(Invoker.java:583)
at org.testng.internal.Invoker.invokeTestMethod(Invoker.java:719)
at org.testng.internal.Invoker.invokeTestMethods(Invoker.java:989)
at org.testng.internal.TestMethodWorker.invokeTestMethods(TestMethodWorker.java:125)
at org.testng.internal.TestMethodWorker.run(TestMethodWorker.java:109)
at java.util.concurrent.ThreadPoolExecutor.runWorker(ThreadPoolExecutor.java:1149)
at java.util.concurrent.ThreadPoolExecutor$Worker.run(ThreadPoolExecutor.java:624)
at java.lang.Thread.run(Thread.java:748)
]]>
    </error>
  </testcase> <!-- verifyToysFromMegaMenu_test -->
  <testcase name="verifyBooksAndSchoolFromMegaMenu_test" time="20.302" classname="com.qa.frisrcryae.tests.MegaMenuProductsPageTest"/>
  <testcase name="verifyDiaperingFromMegaMenu_test" time="89.908" classname="com.qa.frisrcryae.tests.MegaMenuProductsPageTest"/>
  <testcase name="verifyGearFromMegaMenu_test" time="99.859" classname="com.qa.frisrcryae.tests.MegaMenuProductsPageTest"/>
  <testcase name="verifyOutdoorFromMegaMenu_test" time="92.422" classname="com.qa.frisrcryae.tests.MegaMenuProductsPageTest"/>
  <testcase name="verifyFeedingFromMegaMenu_test" time="48.825" classname="com.qa.frisrcryae.tests.MegaMenuProductsPageTest"/>
  <testcase name="verifyBathFromMegaMenu_test" time="57.523" classname="com.qa.frisrcryae.tests.MegaMenuProductsPageTest">
    <error type="java.lang.NullPointerException">
      <![CDATA[java.lang.NullPointerException
at org.openqa.selenium.support.ui.ExpectedConditions.elementIfVisible(ExpectedConditions.java:314)
at org.openqa.selenium.support.ui.ExpectedConditions.access$000(ExpectedConditions.java:43)
at org.openqa.selenium.support.ui.ExpectedConditions$10.apply(ExpectedConditions.java:300)
at org.openqa.selenium.support.ui.ExpectedConditions$10.apply(ExpectedConditions.java:297)
at org.openqa.selenium.support.ui.FluentWait.until(FluentWait.java:249)
at com.qa.frisrcryae.utills.ElementActions.waitForElementVisible(ElementActions.java:96)
at com.qa.frisrcryae.pages.MegaMenuProductsPage.verifyBathFromMegaMenu(MegaMenuProductsPage.java:207)
at com.qa.frisrcryae.tests.MegaMenuProductsPageTest.verifyBathFromMegaMenu_test(MegaMenuProductsPageTest.java:98)
at sun.reflect.NativeMethodAccessorImpl.invoke0(Native Method)
at sun.reflect.NativeMethodAccessorImpl.invoke(NativeMethodAccessorImpl.java:62)
at sun.reflect.DelegatingMethodAccessorImpl.invoke(DelegatingMethodAccessorImpl.java:43)
at java.lang.reflect.Method.invoke(Method.java:498)
at org.testng.internal.MethodInvocationHelper.invokeMethod(MethodInvocationHelper.java:124)
at org.testng.internal.Invoker.invokeMethod(Invoker.java:583)
at org.testng.internal.Invoker.invokeTestMethod(Invoker.java:719)
at org.testng.internal.Invoker.invokeTestMethods(Invoker.java:989)
at org.testng.internal.TestMethodWorker.invokeTestMethods(TestMethodWorker.java:125)
at org.testng.internal.TestMethodWorker.run(TestMethodWorker.java:109)
at java.util.concurrent.ThreadPoolExecutor.runWorker(ThreadPoolExecutor.java:1149)
at java.util.concurrent.ThreadPoolExecutor$Worker.run(ThreadPoolExecutor.java:624)
at java.lang.Thread.run(Thread.java:748)
]]>
    </error>
  </testcase> <!-- verifyBathFromMegaMenu_test -->
</testsuite> <!-- com.qa.frisrcryae.tests.MegaMenuProductsPageTest -->
