<?xml version="1.0" encoding="UTF-8"?>
<!-- Generated by org.testng.reporters.JUnitReportReporter -->
<testsuite skipped="0" hostname="Sarang-Notebook" name="com.qa.frisrcryae.tests.LandingPageTest" tests="11" failures="1" timestamp="13 May 2020 07:29:53 GMT" time="159.556" errors="1">
  <testcase name="verifySignUpLink_test" time="13.131" classname="com.qa.frisrcryae.tests.LandingPageTest"/>
  <testcase name="verifySearchBoxIsAvailable_test" time="10.910" classname="com.qa.frisrcryae.tests.LandingPageTest"/>
  <testcase name="verifySearchBoxWorking_test" time="10.537" classname="com.qa.frisrcryae.tests.LandingPageTest"/>
  <testcase name="verifyPlaceHolder_test" time="13.714" classname="com.qa.frisrcryae.tests.LandingPageTest"/>
  <testcase name="loginToApp_test" time="15.587" classname="com.qa.frisrcryae.tests.LandingPageTest">
    <failure type="java.lang.AssertionError" message="loginToApp_test failed unable to locate My Account Webelement expected [true] but found [false]">
      <![CDATA[java.lang.AssertionError: loginToApp_test failed unable to locate My Account Webelement expected [true] but found [false]
at org.testng.Assert.fail(Assert.java:96)
at org.testng.Assert.failNotEquals(Assert.java:776)
at org.testng.Assert.assertEqualsImpl(Assert.java:137)
at org.testng.Assert.assertEquals(Assert.java:118)
at org.testng.Assert.assertEquals(Assert.java:568)
at com.qa.frisrcryae.tests.LandingPageTest.loginToApp_test(LandingPageTest.java:53)
at sun.reflect.NativeMethodAccessorImpl.invoke0(Native Method)
at sun.reflect.NativeMethodAccessorImpl.invoke(NativeMethodAccessorImpl.java:62)
at sun.reflect.DelegatingMethodAccessorImpl.invoke(DelegatingMethodAccessorImpl.java:43)
at java.lang.reflect.Method.invoke(Method.java:498)
at org.testng.internal.MethodInvocationHelper.invokeMethod(MethodInvocationHelper.java:124)
at org.testng.internal.Invoker.invokeMethod(Invoker.java:583)
at org.testng.internal.Invoker.invokeTestMethod(Invoker.java:719)
at org.testng.internal.Invoker.invokeTestMethods(Invoker.java:989)
at org.testng.internal.TestMethodWorker.invokeTestMethods(TestMethodWorker.java:125)
at org.testng.internal.TestMethodWorker.run(TestMethodWorker.java:109)
at java.util.concurrent.ThreadPoolExecutor.runWorker(ThreadPoolExecutor.java:1149)
at java.util.concurrent.ThreadPoolExecutor$Worker.run(ThreadPoolExecutor.java:624)
at java.lang.Thread.run(Thread.java:748)
]]>
    </failure>
  </testcase> <!-- loginToApp_test -->
  <testcase name="verifyContactUsLinkOnHeader_test" time="28.036" classname="com.qa.frisrcryae.tests.LandingPageTest"/>
  <testcase name="verifyTrackOrderLinkOnHeader_test" time="12.724" classname="com.qa.frisrcryae.tests.LandingPageTest"/>
  <testcase name="verifyFirstCryParentingLinkOnHeader_test" time="19.115" classname="com.qa.frisrcryae.tests.LandingPageTest"/>
  <testcase name="verifyRegisterLinkOnHeader_test" time="12.728" classname="com.qa.frisrcryae.tests.LandingPageTest"/>
  <testcase name="verifyShortListLinkOnHeader_test" time="11.991" classname="com.qa.frisrcryae.tests.LandingPageTest"/>
  <testcase name="verifyFirstCryLogoOnHeader_test" time="11.083" classname="com.qa.frisrcryae.tests.LandingPageTest">
    <error type="java.lang.NullPointerException">
      <![CDATA[java.lang.NullPointerException
at org.openqa.selenium.support.ui.ExpectedConditions.elementIfVisible(ExpectedConditions.java:314)
at org.openqa.selenium.support.ui.ExpectedConditions.access$000(ExpectedConditions.java:43)
at org.openqa.selenium.support.ui.ExpectedConditions$10.apply(ExpectedConditions.java:300)
at org.openqa.selenium.support.ui.ExpectedConditions$10.apply(ExpectedConditions.java:297)
at org.openqa.selenium.support.ui.FluentWait.until(FluentWait.java:249)
at com.qa.frisrcryae.utills.ElementActions.waitForElementVisible(ElementActions.java:96)
at com.qa.frisrcryae.pages.LandingPage.verifyFirstCryLogoOnHeader(LandingPage.java:178)
at com.qa.frisrcryae.tests.LandingPageTest.verifyFirstCryLogoOnHeader_test(LandingPageTest.java:90)
at sun.reflect.NativeMethodAccessorImpl.invoke0(Native Method)
at sun.reflect.NativeMethodAccessorImpl.invoke(NativeMethodAccessorImpl.java:62)
at sun.reflect.DelegatingMethodAccessorImpl.invoke(DelegatingMethodAccessorImpl.java:43)
at java.lang.reflect.Method.invoke(Method.java:498)
at org.testng.internal.MethodInvocationHelper.invokeMethod(MethodInvocationHelper.java:124)
at org.testng.internal.Invoker.invokeMethod(Invoker.java:583)
at org.testng.internal.Invoker.invokeTestMethod(Invoker.java:719)
at org.testng.internal.Invoker.invokeTestMethods(Invoker.java:989)
at org.testng.internal.TestMethodWorker.invokeTestMethods(TestMethodWorker.java:125)
at org.testng.internal.TestMethodWorker.run(TestMethodWorker.java:109)
at java.util.concurrent.ThreadPoolExecutor.runWorker(ThreadPoolExecutor.java:1149)
at java.util.concurrent.ThreadPoolExecutor$Worker.run(ThreadPoolExecutor.java:624)
at java.lang.Thread.run(Thread.java:748)
]]>
    </error>
  </testcase> <!-- verifyFirstCryLogoOnHeader_test -->
</testsuite> <!-- com.qa.frisrcryae.tests.LandingPageTest -->
