<?xml version="1.0" encoding="UTF-8"?>
<!-- Generated by org.testng.reporters.JUnitReportReporter -->
<testsuite skipped="0" hostname="Sarang-Notebook" name="com.qa.frisrcryae.tests.LandingPageTest" tests="1" failures="0" timestamp="18 May 2020 13:08:13 GMT" time="33.635" errors="0">
  <testcase name="verifyBrokenLinksCountOnLandingPage_test" time="33.635" classname="com.qa.frisrcryae.tests.LandingPageTest"/>
</testsuite> <!-- com.qa.frisrcryae.tests.LandingPageTest -->
