<?xml version="1.0" encoding="UTF-8"?>
<!-- Generated by org.testng.reporters.JUnitReportReporter -->
<testsuite skipped="0" hostname="Sarang-Notebook" name="com.qa.frisrcryae.tests.OptionsInMegaMenuPageTest" tests="1" failures="0" timestamp="20 May 2020 14:54:12 GMT" time="33.820" errors="0">
  <testcase name="verifyBoy_FashionSubmenu_test" time="33.820" classname="com.qa.frisrcryae.tests.OptionsInMegaMenuPageTest"/>
</testsuite> <!-- com.qa.frisrcryae.tests.OptionsInMegaMenuPageTest -->
