<?xml version="1.0" encoding="UTF-8"?>
<!-- Generated by org.testng.reporters.JUnitReportReporter -->
<testsuite skipped="0" hostname="Sarang-Notebook" name="com.qa.frisrcryae.tests.FooterLinksLandingPageTest" tests="1" failures="0" timestamp="15 May 2020 20:59:15 GMT" time="13.543" errors="0">
  <testcase name="verifyBoys_ClothesLink_test" time="13.543" classname="com.qa.frisrcryae.tests.FooterLinksLandingPageTest"/>
</testsuite> <!-- com.qa.frisrcryae.tests.FooterLinksLandingPageTest -->
